2025-04-02 08:35:32 - Setting up alphabetic key hotkeys
2025-04-02 08:35:32 - Setting up hotkey for: a
2025-04-02 08:35:32 - Creating handler for key: a
2025-04-02 08:35:32 - Setting up hotkey for: b
2025-04-02 08:35:32 - Creating handler for key: b
2025-04-02 08:35:32 - Setting up hotkey for: c
2025-04-02 08:35:32 - Creating handler for key: c
2025-04-02 08:35:32 - Setting up hotkey for: d
2025-04-02 08:35:32 - Creating handler for key: d
2025-04-02 08:35:32 - Setting up hotkey for: e
2025-04-02 08:35:32 - Creating handler for key: e
2025-04-02 08:35:32 - Setting up hotkey for: f
2025-04-02 08:35:32 - Creating handler for key: f
2025-04-02 08:35:32 - Setting up hotkey for: g
2025-04-02 08:35:32 - Creating handler for key: g
2025-04-02 08:35:32 - Setting up hotkey for: h
2025-04-02 08:35:32 - Creating handler for key: h
2025-04-02 08:35:32 - Setting up hotkey for: i
2025-04-02 08:35:32 - Creating handler for key: i
2025-04-02 08:35:32 - Setting up hotkey for: j
2025-04-02 08:35:32 - Creating handler for key: j
2025-04-02 08:35:32 - Setting up hotkey for: k
2025-04-02 08:35:32 - Creating handler for key: k
2025-04-02 08:35:32 - Setting up hotkey for: l
2025-04-02 08:35:32 - Creating handler for key: l
2025-04-02 08:35:32 - Setting up hotkey for: m
2025-04-02 08:35:32 - Creating handler for key: m
2025-04-02 08:35:32 - Setting up hotkey for: n
2025-04-02 08:35:32 - Creating handler for key: n
2025-04-02 08:35:32 - Setting up hotkey for: o
2025-04-02 08:35:32 - Creating handler for key: o
2025-04-02 08:35:32 - Setting up hotkey for: p
2025-04-02 08:35:32 - Creating handler for key: p
2025-04-02 08:35:32 - Setting up hotkey for: q
2025-04-02 08:35:32 - Creating handler for key: q
2025-04-02 08:35:32 - Setting up hotkey for: r
2025-04-02 08:35:32 - Creating handler for key: r
2025-04-02 08:35:32 - Setting up hotkey for: s
2025-04-02 08:35:32 - Creating handler for key: s
2025-04-02 08:35:32 - Setting up hotkey for: t
2025-04-02 08:35:32 - Creating handler for key: t
2025-04-02 08:35:32 - Setting up hotkey for: u
2025-04-02 08:35:32 - Creating handler for key: u
2025-04-02 08:35:32 - Setting up hotkey for: v
2025-04-02 08:35:32 - Creating handler for key: v
2025-04-02 08:35:32 - Setting up hotkey for: w
2025-04-02 08:35:32 - Creating handler for key: w
2025-04-02 08:35:32 - Setting up hotkey for: x
2025-04-02 08:35:32 - Creating handler for key: x
2025-04-02 08:35:32 - Setting up hotkey for: y
2025-04-02 08:35:32 - Creating handler for key: y
2025-04-02 08:35:32 - Setting up hotkey for: z
2025-04-02 08:35:32 - Creating handler for key: z
2025-04-02 08:35:32 - Setting up ESC hotkey
2025-04-02 08:35:32 - Recursive binder initialization complete
2025-04-02 08:35:32 - Setting up recursive binding for leader: ^+!#w
2025-04-02 08:35:32 - Setting up leader key hotkey: ^+!#w
2025-04-02 08:35:32 - Adding sequence: e for leader: ^+!#w
2025-04-02 08:35:32 - Setting up recursive binding for leader: ^+!#w
2025-04-02 08:35:32 - Setting up leader key hotkey: ^+!#w
2025-04-02 08:35:32 - Adding sequence: f for leader: ^+!#w
2025-04-02 08:35:32 - Setting up recursive binding for leader: ^+!#w
2025-04-02 08:35:32 - Setting up leader key hotkey: ^+!#w
2025-04-02 08:35:32 - Adding sequence: g for leader: ^+!#w
2025-04-02 08:35:32 - Setting up recursive binding for leader: ^+!#w
2025-04-02 08:35:32 - Setting up leader key hotkey: ^+!#w
2025-04-02 08:35:32 - Adding sequence: m for leader: ^+!#w
2025-04-02 08:35:32 - Setting up recursive binding for leader: ^+!#w
2025-04-02 08:35:32 - Setting up leader key hotkey: ^+!#w
2025-04-02 08:35:32 - Adding sequence: p for leader: ^+!#w
2025-04-02 08:35:32 - Setting up recursive binding for leader: ^+!#w
2025-04-02 08:35:32 - Setting up leader key hotkey: ^+!#w
2025-04-02 08:35:32 - Adding sequence: s for leader: ^+!#w
2025-04-02 08:35:32 - Setting up recursive binding for leader: ^+!#w
2025-04-02 08:35:32 - Setting up leader key hotkey: ^+!#w
2025-04-02 08:35:32 - Adding sequence: t for leader: ^+!#w
2025-04-02 08:35:32 - Setting up recursive binding for leader: ^+!#w
2025-04-02 08:35:32 - Setting up leader key hotkey: ^+!#w
2025-04-02 08:35:32 - Adding sequence: v for leader: ^+!#w
2025-04-02 08:35:32 - Setting up recursive binding for leader: ^+!#w
2025-04-02 08:35:32 - Setting up leader key hotkey: ^+!#w
2025-04-02 08:35:32 - Adding sequence: x for leader: ^+!#w
2025-04-02 08:35:32 - Setting up recursive binding for leader: ^+!#w
2025-04-02 08:35:32 - Setting up leader key hotkey: ^+!#w
2025-04-02 08:35:32 - Adding sequence: z for leader: ^+!#w
2025-04-02 08:35:37 - Starting sequence capture with leader: ^+!#w
2025-04-02 08:35:37 - HandleKeyPress called with key: f
2025-04-02 08:35:37 - RecursiveBinder.isActive: 1
2025-04-02 08:35:37 - RecursiveBinder.currentLeader: ^+!#w
2025-04-02 08:35:37 - IsAlphabetic called with key: f
2025-04-02 08:35:37 - NormalizeKey called with key: f
2025-04-02 08:35:37 - Current sequence updated to: f
2025-04-02 08:35:37 - Found matching sequence: f
2025-04-02 08:35:37 - Resetting binder state
2025-04-02 08:35:38 - Starting sequence capture with leader: ^+!#w
2025-04-02 08:35:38 - HandleKeyPress called with key: x
2025-04-02 08:35:38 - RecursiveBinder.isActive: 1
2025-04-02 08:35:38 - RecursiveBinder.currentLeader: ^+!#w
2025-04-02 08:35:38 - IsAlphabetic called with key: x
2025-04-02 08:35:38 - NormalizeKey called with key: x
2025-04-02 08:35:38 - Current sequence updated to: x
2025-04-02 08:35:38 - Found matching sequence: x
2025-04-02 08:35:38 - Resetting binder state
